#
# There is insufficient memory for the Java Runtime Environment to continue.
# Native memory allocation (mmap) failed to map 65536 bytes for Failed to commit area from 0x000001b904190000 to 0x000001b9041a0000 of length 65536.
# Possible reasons:
#   The system is out of physical RAM or swap space
#   The process is running with CompressedOops enabled, and the Java Heap may be blocking the growth of the native heap
# Possible solutions:
#   Reduce memory load on the system
#   Increase physical memory or swap space
#   Check if swap backing store is full
#   Decrease Java heap size (-Xmx/-Xms)
#   Decrease number of Java threads
#   Decrease Java thread stack sizes (-Xss)
#   Set larger code cache with -XX:ReservedCodeCacheSize=
# This output file may be truncated or incomplete.
#
#  Out of Memory Error (c:/BuildAgent/work/5ff2f6c26000d570/src/hotspot/os/windows/os_windows.cpp:3281), pid=38980, tid=9256
#
# JRE version:  (11.0.4+10) (build )
# Java VM: OpenJDK 64-Bit Server VM (11.0.4+10-b304.69, mixed mode, aot, sharing, tiered, compressed oops, g1 gc, windows-amd64)
# No core dump will be written. Minidumps are not enabled by default on client versions of Windows
#

---------------  S U M M A R Y ------------

Command Line: org.jetbrains.git4idea.http.GitAskPassApp Username for 'https://github.com': 

Host: Intel(R) Core(TM) i7-6700HQ CPU @ 2.60GHz, 8 cores, 15G,  Windows 10 , 64 bit Build 17763 (10.0.17763.475)
Time: Mon Nov 11 23:03:21 2019 Eastern Standard Time elapsed time: 0 seconds (0d 0h 0m 0s)

---------------  T H R E A D  ---------------

Current thread (0x000001b96a037000):  JavaThread "Unknown thread" [_thread_in_vm, id=9256, stack(0x000000760c500000,0x000000760c600000)]

Stack: [0x000000760c500000,0x000000760c600000]
Native frames: (J=compiled Java code, j=interpreted, Vv=VM code, C=native code)
V  [jvm.dll+0x5db31a]
V  [jvm.dll+0x70c395]
V  [jvm.dll+0x70d8b8]
V  [jvm.dll+0x70df83]
V  [jvm.dll+0x23dbb8]
V  [jvm.dll+0x5d8a74]
V  [jvm.dll+0x5cdb05]
V  [jvm.dll+0x2fa5bb]
V  [jvm.dll+0x2fa52a]
V  [jvm.dll+0x2fa402]
V  [jvm.dll+0x2ff3d5]
V  [jvm.dll+0x3478b7]
V  [jvm.dll+0x347f96]
V  [jvm.dll+0x347993]
V  [jvm.dll+0x2d4e28]
V  [jvm.dll+0x2d5fd7]
V  [jvm.dll+0x6eb717]
V  [jvm.dll+0x6ecf0c]
V  [jvm.dll+0x354fb9]
V  [jvm.dll+0x6d35be]
V  [jvm.dll+0x3bd673]
V  [jvm.dll+0x3bf9f1]
C  [java.exe+0x3763]
C  [java.exe+0x17a0c]
C  [KERNEL32.DLL+0x17974]
C  [ntdll.dll+0x6a271]


---------------  P R O C E S S  ---------------

Threads class SMR info:
_java_thread_list=0x000001b967f07f70, length=0, elements={
}

Java Threads: ( => current thread )

Other Threads:
  0x000001b96a04d000 GCTaskThread "GC Thread#0" [stack: 0x000000760c600000,0x000000760c700000] [id=14312]
  0x000001b96a0ab000 ConcurrentGCThread "G1 Main Marker" [stack: 0x000000760c700000,0x000000760c800000] [id=39736]
  0x000001b96a0ac800 ConcurrentGCThread "G1 Conc#0" [stack: 0x000000760c800000,0x000000760c900000] [id=11776]

[error occurred during error reporting (printing all threads), id 0xc0000005, EXCEPTION_ACCESS_VIOLATION (0xc0000005) at pc=0x00007ffd46695727]

VM state:not at safepoint (not fully initialized)

VM Mutex/Monitor currently owned by a thread:  ([mutex/lock_event])
[0x000001b96a034b50] Heap_lock - owner thread: 0x000001b96a037000

Heap address: 0x0000000702000000, size: 4064 MB, Compressed Oops mode: Non-zero based: 0x0000000702000000
Narrow klass base: 0x0000000000000000, Narrow klass shift: 0

GC Heap History (0 events):
No events

Deoptimization events (0 events):
No events

Classes redefined (0 events):
No events

Internal exceptions (0 events):
No events

Events (0 events):
No events


Dynamic libraries:
0x00007ff64e330000 - 0x00007ff64e377000 	C:\Program Files\JetBrains\IntelliJ IDEA 2019.2.2\jbr\bin\java.exe
0x00007ffda2f80000 - 0x00007ffda316d000 	C:\WINDOWS\SYSTEM32\ntdll.dll
0x00007ffda22b0000 - 0x00007ffda2363000 	C:\WINDOWS\System32\KERNEL32.DLL
0x00007ffd9f210000 - 0x00007ffd9f4a3000 	C:\WINDOWS\System32\KERNELBASE.dll
0x00007ffda2430000 - 0x00007ffda25c7000 	C:\WINDOWS\System32\USER32.dll
0x00007ffda0180000 - 0x00007ffda01a0000 	C:\WINDOWS\System32\win32u.dll
0x00007ffda02b0000 - 0x00007ffda02d9000 	C:\WINDOWS\System32\GDI32.dll
0x00007ffd9f6b0000 - 0x00007ffd9f849000 	C:\WINDOWS\System32\gdi32full.dll
0x00007ffd9f4d0000 - 0x00007ffd9f570000 	C:\WINDOWS\System32\msvcp_win.dll
0x00007ffd9f090000 - 0x00007ffd9f18a000 	C:\WINDOWS\System32\ucrtbase.dll
0x00007ffd901b0000 - 0x00007ffd90429000 	C:\WINDOWS\WinSxS\amd64_microsoft.windows.common-controls_6595b64144ccf1df_6.0.17763.802_none_05b1445c0722d2cc\COMCTL32.dll
0x00007ffda25d0000 - 0x00007ffda266e000 	C:\WINDOWS\System32\msvcrt.dll
0x00007ffda1ea0000 - 0x00007ffda21cc000 	C:\WINDOWS\System32\combase.dll
0x00007ffda2970000 - 0x00007ffda2a92000 	C:\WINDOWS\System32\RPCRT4.dll
0x00007ffd9f190000 - 0x00007ffd9f20e000 	C:\WINDOWS\System32\bcryptPrimitives.dll
0x00007ffda17e0000 - 0x00007ffda180e000 	C:\WINDOWS\System32\IMM32.DLL
0x00007ffd98430000 - 0x00007ffd98447000 	C:\Program Files\JetBrains\IntelliJ IDEA 2019.2.2\jbr\bin\vcruntime140.dll
0x00007ffd7d070000 - 0x00007ffd7d10d000 	C:\Program Files\JetBrains\IntelliJ IDEA 2019.2.2\jbr\bin\msvcp140.dll
0x00007ffd463b0000 - 0x00007ffd46e68000 	C:\Program Files\JetBrains\IntelliJ IDEA 2019.2.2\jbr\bin\server\jvm.dll
0x00007ffda01a0000 - 0x00007ffda0243000 	C:\WINDOWS\System32\ADVAPI32.dll
0x00007ffda2df0000 - 0x00007ffda2e8e000 	C:\WINDOWS\System32\sechost.dll
0x00007ffda2420000 - 0x00007ffda2428000 	C:\WINDOWS\System32\PSAPI.DLL
0x00007ffd98400000 - 0x00007ffd9840a000 	C:\WINDOWS\SYSTEM32\VERSION.dll
0x00007ffd9ddb0000 - 0x00007ffd9ddb9000 	C:\WINDOWS\SYSTEM32\WSOCK32.dll
0x00007ffd9c1c0000 - 0x00007ffd9c1e4000 	C:\WINDOWS\SYSTEM32\WINMM.dll
0x00007ffda26f0000 - 0x00007ffda275d000 	C:\WINDOWS\System32\WS2_32.dll
0x00007ffd9c190000 - 0x00007ffd9c1bd000 	C:\WINDOWS\SYSTEM32\winmmbase.dll
0x00007ffd9f040000 - 0x00007ffd9f08a000 	C:\WINDOWS\System32\cfgmgr32.dll
0x00007ffd9efa0000 - 0x00007ffd9efb1000 	C:\WINDOWS\System32\kernel.appcore.dll
0x00007ffd93bc0000 - 0x00007ffd93bd1000 	C:\Program Files\JetBrains\IntelliJ IDEA 2019.2.2\jbr\bin\verify.dll
0x00007ffd9daf0000 - 0x00007ffd9dcdd000 	C:\WINDOWS\SYSTEM32\DBGHELP.DLL
0x00007ffd89730000 - 0x00007ffd8975a000 	C:\WINDOWS\SYSTEM32\dbgcore.DLL
0x00007ffd8baf0000 - 0x00007ffd8bb19000 	C:\Program Files\JetBrains\IntelliJ IDEA 2019.2.2\jbr\bin\java.dll
0x00007ffd93ba0000 - 0x00007ffd93bb7000 	C:\Program Files\JetBrains\IntelliJ IDEA 2019.2.2\jbr\bin\zip.dll
0x00007ffd9a0b0000 - 0x00007ffd9a0bb000 	C:\Program Files\JetBrains\IntelliJ IDEA 2019.2.2\jbr\bin\jimage.dll

dbghelp: loaded successfully - version: 4.0.5 - missing functions: none
symbol engine: initialized successfully - sym options: 0x614 - pdb path: .;C:\Program Files\JetBrains\IntelliJ IDEA 2019.2.2\jbr\bin;C:\WINDOWS\SYSTEM32;C:\WINDOWS\WinSxS\amd64_microsoft.windows.common-controls_6595b64144ccf1df_6.0.17763.802_none_05b1445c0722d2cc;C:\Program Files\JetBrains\IntelliJ IDEA 2019.2.2\jbr\bin\server

VM Arguments:
java_command: org.jetbrains.git4idea.http.GitAskPassApp Username for 'https://github.com': 
java_class_path (initial): C:/Program Files/JetBrains/IntelliJ IDEA 2019.2.2/plugins/git4idea/lib/git4idea-rt.jar;C:/Program Files/JetBrains/IntelliJ IDEA 2019.2.2/lib/xmlrpc-2.0.1.jar;C:/Program Files/JetBrains/IntelliJ IDEA 2019.2.2/lib/commons-codec-1.13.jar;C:/Program Files/JetBrains/IntelliJ IDEA 2019.2.2/lib/util.jar
Launcher Type: SUN_STANDARD

[Global flags]
     intx CICompilerCount                          = 4                                         {product} {ergonomic}
     uint ConcGCThreads                            = 2                                         {product} {ergonomic}
     uint G1ConcRefinementThreads                  = 8                                         {product} {ergonomic}
   size_t G1HeapRegionSize                         = 1048576                                   {product} {ergonomic}
    uintx GCDrainStackTargetSize                   = 64                                        {product} {ergonomic}
   size_t InitialHeapSize                          = 266338304                                 {product} {ergonomic}
   size_t MarkStackSize                            = 4194304                                   {product} {ergonomic}
   size_t MaxHeapSize                              = 4261412864                                {product} {ergonomic}
   size_t MinHeapDeltaBytes                        = 1048576                                   {product} {ergonomic}
    uintx NonNMethodCodeHeapSize                   = 5835340                                {pd product} {ergonomic}
    uintx NonProfiledCodeHeapSize                  = 122911450                              {pd product} {ergonomic}
    uintx ProfiledCodeHeapSize                     = 122911450                              {pd product} {ergonomic}
    uintx ReservedCodeCacheSize                    = 251658240                              {pd product} {ergonomic}
     bool SegmentedCodeCache                       = true                                      {product} {ergonomic}
     bool UseCompressedClassPointers               = true                                 {lp64_product} {ergonomic}
     bool UseCompressedOops                        = true                                 {lp64_product} {ergonomic}
     bool UseG1GC                                  = true                                      {product} {ergonomic}
     bool UseLargePagesIndividualAllocation        = false                                  {pd product} {ergonomic}

Logging:
Log output configuration:
 #0: stdout all=warning uptime,level,tags
 #1: stderr all=off uptime,level,tags

Environment Variables:
JAVA_HOME=C:\Program Files\Java\jdk-12.0.1
PATH=C:\Program Files\Git\mingw64\libexec\git-core;C:\Program Files\Git\mingw64\libexec\git-core;C:\Program Files\Git\mingw64\bin;C:\Program Files\Git\usr\bin;C:\Users\mona3\bin;C:\Program Files\Java\jdk-12.0.1\bin;C:\Program Files (x86)\Common Files\Oracle\Java\javapath;C:\Python27;C:\Python27\Scripts;C:\oraclexe\app\oracle\product\11.2.0\server\bin;C:\ProgramData\Oracle\Java\javapath;C:\Program Files (x86)\Intel\iCLS Client;C:\Program Files\Intel\iCLS Client;C:\Windows\system32;C:\Windows;C:\Windows\System32\Wbem;C:\Windows\System32\WindowsPowerShell\v1.0;C:\Program Files (x86)\Intel\Intel(R) Management Engine Components\DAL;C:\Program Files\Intel\Intel(R) Management Engine Components\DAL;C:\Program Files (x86)\Intel\Intel(R) Management Engine Components\IPT;C:\Program Files\Intel\Intel(R) Management Engine Components\IPT;C:\WINDOWS\system32;C:\WINDOWS;C:\WINDOWS\System32\Wbem;C:\WINDOWS\System32\WindowsPowerShell\v1.0;C:\Program Files\Microsoft SQL Server\130\Tools\Binn;C:\Program Files (x86)\GtkSharp\2.12\bin;C:\Program Files (x86)\Microsoft SQL Server\130\DTS\Binn;C:\Program Files\Microsoft SQL Server\130\DTS\Binn;C:\Program Files\Microsoft SQL Server\Client SDK\ODBC\130\Tools\Binn;C:\Program Files (x86)\Microsoft SQL Server\130\Tools\Binn;C:\Program Files (x86)\Microsoft SQL Server\Client SDK\ODBC\130\Tools\Binn;C:\Program Files (x86)\Microsoft SQL Server\140\Tools\Binn;C:\Program Files (x86)\Microsoft SQL Server\140\DTS\Binn;C:\Program Files (x86)\Microsoft SQL Server\140\Tools\Binn\ManagementStudio;C:\Program Files\dotnet;C:\WINDOWS\System32\OpenSSH;C:\PROGRAM FILES\OPENOFFICE.ORG 3\URE\BIN;C:\PROGRAM FILES (X86)\OPENOFFICE.ORG 3\URE\BIN;C:\Program Files\NVIDIA Corporation\NVIDIA NvDLISR;C:\Program Files\nodejs;C:\WINDOWS\system32;C:\WINDOWS;C:\WINDOWS\System32\Wbem;C:\WINDOWS\System32\WindowsPowerShell\v1.0;C:\WINDOWS\System32\OpenSSH;C:\Program Files\Git\cmd;C:\Program Files (x86)\NVIDIA Corporation\PhysX\Common;C:\Program Files\Intel\WiFi\bin;C:\Program File
USERNAME=mona3
DISPLAY=:0.0
OS=Windows_NT
PROCESSOR_IDENTIFIER=Intel64 Family 6 Model 94 Stepping 3, GenuineIntel



---------------  S Y S T E M  ---------------

OS: Windows 10 , 64 bit Build 17763 (10.0.17763.475)

CPU:total 8 (initial active 8) (4 cores per cpu, 2 threads per core) family 6 model 94 stepping 3, cmov, cx8, fxsr, mmx, sse, sse2, sse3, ssse3, sse4.1, sse4.2, popcnt, avx, avx2, aes, clmul, erms, rtm, 3dnowpref, lzcnt, ht, tsc, tscinvbit, bmi1, bmi2, adx, fma

Memory: 4k page, system-wide physical 16252M (3808M free)
TotalPageFile size 23424M (AvailPageFile size 3M)
current process WorkingSet (physical memory assigned to process): 14M, peak: 14M
current process commit charge ("private bytes"): 321M, peak: 321M

vm_info: OpenJDK 64-Bit Server VM (11.0.4+10-b304.69) for windows-amd64 JRE (11.0.4+10-b304.69), built on Sep  9 2019 11:39:50 by "" with MS VC++ 14.0 (VS2015)

END.
